<component name="libraryTable">
  <library name="junit">
    <CLASSES>
      <root url="file://$PROJECT_DIR$/../../../../sofi/IntelliJ IDEA Community Edition 2021.3.2/plugins/junit" />
    </CLASSES>
    <JAVADOC />
    <SOURCES />
  </library>
</component>